<?xml version="1.0" encoding="UTF-8"?>
<!-- Generated by org.testng.reporters.JUnitReportReporter -->
<testsuite skipped="0" hostname="ECRNT-100640" name="test.tests.LoginTests" tests="1" failures="0" timestamp="13 abr 2019 22:34:14 GMT" time="12.912" errors="0">
  <testcase name="loginPositiveTest" time="12.912" classname="test.tests.LoginTests"/>
</testsuite> <!-- test.tests.LoginTests -->
